d:\учеба\сервисный робот\opencvdetection\opencvdetection\x64\debug\opencvdetection.pch
d:\учеба\сервисный робот\opencvdetection\opencvdetection\x64\debug\vc140.pdb
d:\учеба\сервисный робот\opencvdetection\opencvdetection\x64\debug\vc140.idb
d:\учеба\сервисный робот\opencvdetection\opencvdetection\x64\debug\stdafx.obj
d:\учеба\сервисный робот\opencvdetection\opencvdetection\x64\debug\countmask.obj
d:\учеба\сервисный робот\opencvdetection\opencvdetection\x64\debug\cv_point.obj
d:\учеба\сервисный робот\opencvdetection\opencvdetection\x64\debug\cv_templates.obj
d:\учеба\сервисный робот\opencvdetection\opencvdetection\x64\debug\gettingbyte.obj
d:\учеба\сервисный робот\opencvdetection\opencvdetection\x64\debug\header.obj
d:\учеба\сервисный робот\opencvdetection\opencvdetection\x64\debug\opencvdetection.obj
d:\учеба\сервисный робот\opencvdetection\opencvdetection\x64\debug\qrcode.obj
d:\учеба\сервисный робот\opencvdetection\opencvdetection\x64\debug\сv_additionalpoint.obj
d:\учеба\сервисный робот\opencvdetection\x64\debug\opencvdetection.ilk
d:\учеба\сервисный робот\opencvdetection\x64\debug\opencvdetection.exe
d:\учеба\сервисный робот\opencvdetection\x64\debug\opencvdetection.pdb
d:\учеба\сервисный робот\opencvdetection\opencvdetection\x64\debug\opencvdetection.tlog\cl.command.1.tlog
d:\учеба\сервисный робот\opencvdetection\opencvdetection\x64\debug\opencvdetection.tlog\cl.read.1.tlog
d:\учеба\сервисный робот\opencvdetection\opencvdetection\x64\debug\opencvdetection.tlog\cl.write.1.tlog
d:\учеба\сервисный робот\opencvdetection\opencvdetection\x64\debug\opencvdetection.tlog\link.command.1.tlog
d:\учеба\сервисный робот\opencvdetection\opencvdetection\x64\debug\opencvdetection.tlog\link.read.1.tlog
d:\учеба\сервисный робот\opencvdetection\opencvdetection\x64\debug\opencvdetection.tlog\link.write.1.tlog
